200615 15:31:48 mysqld_safe Logging to '/var/log/mysqld.log'.
200615 15:31:48 mysqld_safe Starting mysqld daemon with databases from /var/lib/mysql
2020-06-15 15:31:48 0 [Warning] TIMESTAMP with implicit DEFAULT value is deprecated. Please use --explicit_defaults_for_timestamp server option (see documentation for more details).
2020-06-15 15:31:48 0 [Note] /usr/sbin/mysqld (mysqld 5.6.48) starting as process 7262 ...
2020-06-15 15:31:48 7262 [Warning] Buffered warning: Changed limits: max_open_files: 1024 (requested 5000)

2020-06-15 15:31:48 7262 [Warning] Buffered warning: Changed limits: table_open_cache: 431 (requested 2000)

2020-06-15 15:31:48 7262 [Note] Plugin 'FEDERATED' is disabled.
2020-06-15 15:31:48 7262 [Note] InnoDB: Using atomics to ref count buffer pool pages
2020-06-15 15:31:48 7262 [Note] InnoDB: The InnoDB memory heap is disabled
2020-06-15 15:31:48 7262 [Note] InnoDB: Mutexes and rw_locks use GCC atomic builtins
2020-06-15 15:31:48 7262 [Note] InnoDB: Memory barrier is not used
2020-06-15 15:31:48 7262 [Note] InnoDB: Compressed tables use zlib 1.2.11
2020-06-15 15:31:48 7262 [Note] InnoDB: Using Linux native AIO
2020-06-15 15:31:48 7262 [Note] InnoDB: Using CPU crc32 instructions
2020-06-15 15:31:48 7262 [Note] InnoDB: Initializing buffer pool, size = 128.0M
2020-06-15 15:31:48 7262 [Note] InnoDB: Completed initialization of buffer pool
2020-06-15 15:31:48 7262 [Note] InnoDB: Highest supported file format is Barracuda.
2020-06-15 15:31:48 7262 [Note] InnoDB: 128 rollback segment(s) are active.
2020-06-15 15:31:48 7262 [Note] InnoDB: Waiting for purge to start
2020-06-15 15:31:48 7262 [Note] InnoDB: 5.6.48 started; log sequence number 1625987
2020-06-15 15:31:48 7262 [Warning] No existing UUID has been found, so we assume that this is the first time that this server has been started. Generating a new UUID: 45c9a96f-aeda-11ea-9c60-fa163ed0aaa8.
2020-06-15 15:31:48 7262 [Note] RSA private key file not found: /var/lib/mysql//private_key.pem. Some authentication plugins will not work.
2020-06-15 15:31:48 7262 [Note] RSA public key file not found: /var/lib/mysql//public_key.pem. Some authentication plugins will not work.
2020-06-15 15:31:48 7262 [Note] Server hostname (bind-address): '*'; port: 3306
2020-06-15 15:31:48 7262 [Note] IPv6 is available.
2020-06-15 15:31:48 7262 [Note]   - '::' resolves to '::';
2020-06-15 15:31:48 7262 [Note] Server socket created on IP: '::'.
2020-06-15 15:31:48 7262 [Note] Event Scheduler: Loaded 0 events
2020-06-15 15:31:48 7262 [Note] /usr/sbin/mysqld: ready for connections.
Version: '5.6.48'  socket: '/var/lib/mysql/mysql.sock'  port: 3306  MySQL Community Server (GPL)
2020-06-15 15:43:23 7262 [Note] /usr/sbin/mysqld: Normal shutdown

2020-06-15 15:43:23 7262 [Note] Giving 0 client threads a chance to die gracefully
2020-06-15 15:43:23 7262 [Note] Event Scheduler: Purging the queue. 0 events
2020-06-15 15:43:23 7262 [Note] Shutting down slave threads
2020-06-15 15:43:23 7262 [Note] Forcefully disconnecting 0 remaining clients
2020-06-15 15:43:23 7262 [Note] Binlog end
2020-06-15 15:43:23 7262 [Note] Shutting down plugin 'partition'
2020-06-15 15:43:23 7262 [Note] Shutting down plugin 'PERFORMANCE_SCHEMA'
2020-06-15 15:43:23 7262 [Note] Shutting down plugin 'INNODB_SYS_DATAFILES'
2020-06-15 15:43:23 7262 [Note] Shutting down plugin 'INNODB_SYS_TABLESPACES'
2020-06-15 15:43:23 7262 [Note] Shutting down plugin 'INNODB_SYS_FOREIGN_COLS'
2020-06-15 15:43:23 7262 [Note] Shutting down plugin 'INNODB_SYS_FOREIGN'
2020-06-15 15:43:23 7262 [Note] Shutting down plugin 'INNODB_SYS_FIELDS'
2020-06-15 15:43:23 7262 [Note] Shutting down plugin 'INNODB_SYS_COLUMNS'
2020-06-15 15:43:23 7262 [Note] Shutting down plugin 'INNODB_SYS_INDEXES'
2020-06-15 15:43:23 7262 [Note] Shutting down plugin 'INNODB_SYS_TABLESTATS'
2020-06-15 15:43:23 7262 [Note] Shutting down plugin 'INNODB_SYS_TABLES'
2020-06-15 15:43:23 7262 [Note] Shutting down plugin 'INNODB_FT_INDEX_TABLE'
2020-06-15 15:43:23 7262 [Note] Shutting down plugin 'INNODB_FT_INDEX_CACHE'
2020-06-15 15:43:23 7262 [Note] Shutting down plugin 'INNODB_FT_CONFIG'
2020-06-15 15:43:23 7262 [Note] Shutting down plugin 'INNODB_FT_BEING_DELETED'
2020-06-15 15:43:23 7262 [Note] Shutting down plugin 'INNODB_FT_DELETED'
2020-06-15 15:43:23 7262 [Note] Shutting down plugin 'INNODB_FT_DEFAULT_STOPWORD'
2020-06-15 15:43:23 7262 [Note] Shutting down plugin 'INNODB_METRICS'
2020-06-15 15:43:23 7262 [Note] Shutting down plugin 'INNODB_BUFFER_POOL_STATS'
2020-06-15 15:43:23 7262 [Note] Shutting down plugin 'INNODB_BUFFER_PAGE_LRU'
2020-06-15 15:43:23 7262 [Note] Shutting down plugin 'INNODB_BUFFER_PAGE'
2020-06-15 15:43:23 7262 [Note] Shutting down plugin 'INNODB_CMP_PER_INDEX_RESET'
2020-06-15 15:43:23 7262 [Note] Shutting down plugin 'INNODB_CMP_PER_INDEX'
2020-06-15 15:43:23 7262 [Note] Shutting down plugin 'INNODB_CMPMEM_RESET'
2020-06-15 15:43:23 7262 [Note] Shutting down plugin 'INNODB_CMPMEM'
2020-06-15 15:43:23 7262 [Note] Shutting down plugin 'INNODB_CMP_RESET'
2020-06-15 15:43:23 7262 [Note] Shutting down plugin 'INNODB_CMP'
2020-06-15 15:43:23 7262 [Note] Shutting down plugin 'INNODB_LOCK_WAITS'
2020-06-15 15:43:23 7262 [Note] Shutting down plugin 'INNODB_LOCKS'
2020-06-15 15:43:23 7262 [Note] Shutting down plugin 'INNODB_TRX'
2020-06-15 15:43:23 7262 [Note] Shutting down plugin 'InnoDB'
2020-06-15 15:43:23 7262 [Note] InnoDB: FTS optimize thread exiting.
2020-06-15 15:43:23 7262 [Note] InnoDB: Starting shutdown...
2020-06-15 15:43:25 7262 [Note] InnoDB: Shutdown completed; log sequence number 1625997
2020-06-15 15:43:25 7262 [Note] Shutting down plugin 'BLACKHOLE'
2020-06-15 15:43:25 7262 [Note] Shutting down plugin 'ARCHIVE'
2020-06-15 15:43:25 7262 [Note] Shutting down plugin 'MRG_MYISAM'
2020-06-15 15:43:25 7262 [Note] Shutting down plugin 'MyISAM'
2020-06-15 15:43:25 7262 [Note] Shutting down plugin 'MEMORY'
2020-06-15 15:43:25 7262 [Note] Shutting down plugin 'CSV'
2020-06-15 15:43:25 7262 [Note] Shutting down plugin 'sha256_password'
2020-06-15 15:43:25 7262 [Note] Shutting down plugin 'mysql_old_password'
2020-06-15 15:43:25 7262 [Note] Shutting down plugin 'mysql_native_password'
2020-06-15 15:43:25 7262 [Note] Shutting down plugin 'binlog'
2020-06-15 15:43:25 7262 [Note] /usr/sbin/mysqld: Shutdown complete

200615 15:43:25 mysqld_safe mysqld from pid file /var/run/mysqld/mysqld.pid ended
200615 15:43:25 mysqld_safe Logging to '/var/log/mysqld.log'.
200615 15:43:25 mysqld_safe Starting mysqld daemon with databases from /var/lib/mysql
2020-06-15 15:43:25 0 [Warning] TIMESTAMP with implicit DEFAULT value is deprecated. Please use --explicit_defaults_for_timestamp server option (see documentation for more details).
2020-06-15 15:43:25 0 [Note] /usr/sbin/mysqld (mysqld 5.6.48) starting as process 7537 ...
2020-06-15 15:43:25 7537 [Warning] Buffered warning: Changed limits: max_open_files: 1024 (requested 5000)

2020-06-15 15:43:25 7537 [Warning] Buffered warning: Changed limits: table_open_cache: 431 (requested 2000)

2020-06-15 15:43:25 7537 [Note] Plugin 'FEDERATED' is disabled.
2020-06-15 15:43:25 7537 [Note] InnoDB: Using atomics to ref count buffer pool pages
2020-06-15 15:43:25 7537 [Note] InnoDB: The InnoDB memory heap is disabled
2020-06-15 15:43:25 7537 [Note] InnoDB: Mutexes and rw_locks use GCC atomic builtins
2020-06-15 15:43:25 7537 [Note] InnoDB: Memory barrier is not used
2020-06-15 15:43:25 7537 [Note] InnoDB: Compressed tables use zlib 1.2.11
2020-06-15 15:43:25 7537 [Note] InnoDB: Using Linux native AIO
2020-06-15 15:43:25 7537 [Note] InnoDB: Using CPU crc32 instructions
2020-06-15 15:43:25 7537 [Note] InnoDB: Initializing buffer pool, size = 128.0M
2020-06-15 15:43:25 7537 [Note] InnoDB: Completed initialization of buffer pool
2020-06-15 15:43:25 7537 [Note] InnoDB: Highest supported file format is Barracuda.
2020-06-15 15:43:25 7537 [Note] InnoDB: 128 rollback segment(s) are active.
2020-06-15 15:43:25 7537 [Note] InnoDB: Waiting for purge to start
2020-06-15 15:43:25 7537 [Note] InnoDB: 5.6.48 started; log sequence number 1625997
2020-06-15 15:43:25 7537 [Note] RSA private key file not found: /var/lib/mysql//private_key.pem. Some authentication plugins will not work.
2020-06-15 15:43:25 7537 [Note] RSA public key file not found: /var/lib/mysql//public_key.pem. Some authentication plugins will not work.
2020-06-15 15:43:25 7537 [Note] Server hostname (bind-address): '*'; port: 3306
2020-06-15 15:43:25 7537 [Note] IPv6 is available.
2020-06-15 15:43:25 7537 [Note]   - '::' resolves to '::';
2020-06-15 15:43:25 7537 [Note] Server socket created on IP: '::'.
2020-06-15 15:43:25 7537 [Note] Event Scheduler: Loaded 0 events
2020-06-15 15:43:25 7537 [Note] /usr/sbin/mysqld: ready for connections.
Version: '5.6.48'  socket: '/var/lib/mysql/mysql.sock'  port: 3306  MySQL Community Server (GPL)
